================================================
(AriaNN) Ciphertext Training over 15 epochs
model:		 Fully Connected Neural Network
dataset:	 MNIST
batch_size:	 128
================================================
Train Epoch: 1 [0/59904 (0%)]	Loss: 0.963360	Time: 15.905s (0.124s/item)	Comm.:96.553MB [128.000]
Train Epoch: 1 [1280/59904 (2%)]	Loss: 0.755290	Time: 17.395s (0.136s/item)	Comm.:96.555MB [128.000]
Train Epoch: 1 [2560/59904 (4%)]	Loss: 0.521720	Time: 17.507s (0.137s/item)	Comm.:96.555MB [128.000]
Train Epoch: 1 [3840/59904 (6%)]	Loss: 0.337680	Time: 18.239s (0.142s/item)	Comm.:96.555MB [128.000]
Train Epoch: 1 [5120/59904 (9%)]	Loss: 0.307370	Time: 18.540s (0.145s/item)	Comm.:96.555MB [128.000]
Train Epoch: 1 [6400/59904 (11%)]	Loss: 0.230730	Time: 18.883s (0.148s/item)	Comm.:96.555MB [128.000]
Train Epoch: 1 [7680/59904 (13%)]	Loss: 0.265580	Time: 19.009s (0.149s/item)	Comm.:96.555MB [128.000]
Train Epoch: 1 [8960/59904 (15%)]	Loss: 0.160370	Time: 19.548s (0.153s/item)	Comm.:96.555MB [128.000]
Train Epoch: 1 [10240/59904 (17%)]	Loss: 0.306530	Time: 19.697s (0.154s/item)	Comm.:96.555MB [128.000]
Train Epoch: 1 [11520/59904 (19%)]	Loss: 0.285800	Time: 19.825s (0.155s/item)	Comm.:96.555MB [128.000]
Train Epoch: 1 [12800/59904 (21%)]	Loss: 0.199170	Time: 20.586s (0.161s/item)	Comm.:96.555MB [128.000]
Train Epoch: 1 [14080/59904 (24%)]	Loss: 0.239330	Time: 20.577s (0.161s/item)	Comm.:96.555MB [128.000]
Train Epoch: 1 [15360/59904 (26%)]	Loss: 0.148800	Time: 20.733s (0.162s/item)	Comm.:96.555MB [128.000]
Train Epoch: 1 [16640/59904 (28%)]	Loss: 0.207100	Time: 20.735s (0.162s/item)	Comm.:96.555MB [128.000]
Train Epoch: 1 [17920/59904 (30%)]	Loss: 0.133920	Time: 20.983s (0.164s/item)	Comm.:96.555MB [128.000]
Train Epoch: 1 [19200/59904 (32%)]	Loss: 0.133520	Time: 21.062s (0.165s/item)	Comm.:96.555MB [128.000]
Train Epoch: 1 [20480/59904 (34%)]	Loss: 0.160530	Time: 21.745s (0.170s/item)	Comm.:96.555MB [128.000]
Train Epoch: 1 [21760/59904 (36%)]	Loss: 0.079710	Time: 21.695s (0.169s/item)	Comm.:96.555MB [128.000]
Train Epoch: 1 [23040/59904 (38%)]	Loss: 0.166420	Time: 21.973s (0.172s/item)	Comm.:96.555MB [128.000]
Train Epoch: 1 [24320/59904 (41%)]	Loss: 0.096530	Time: 22.321s (0.174s/item)	Comm.:96.555MB [128.000]
Train Epoch: 1 [25600/59904 (43%)]	Loss: 0.112920	Time: 22.358s (0.175s/item)	Comm.:96.555MB [128.000]
Train Epoch: 1 [26880/59904 (45%)]	Loss: 0.116270	Time: 23.084s (0.180s/item)	Comm.:96.555MB [128.000]
Train Epoch: 1 [28160/59904 (47%)]	Loss: 0.130700	Time: 22.820s (0.178s/item)	Comm.:96.555MB [128.000]
Train Epoch: 1 [29440/59904 (49%)]	Loss: 0.102510	Time: 23.120s (0.181s/item)	Comm.:96.555MB [128.000]
Train Epoch: 1 [30720/59904 (51%)]	Loss: 0.151740	Time: 23.520s (0.184s/item)	Comm.:96.555MB [128.000]
Train Epoch: 1 [32000/59904 (53%)]	Loss: 0.167240	Time: 23.625s (0.185s/item)	Comm.:96.555MB [128.000]
Train Epoch: 1 [33280/59904 (56%)]	Loss: 0.122640	Time: 24.011s (0.188s/item)	Comm.:96.555MB [128.000]
Train Epoch: 1 [34560/59904 (58%)]	Loss: 0.153250	Time: 23.971s (0.187s/item)	Comm.:96.555MB [128.000]
Train Epoch: 1 [35840/59904 (60%)]	Loss: 0.121190	Time: 24.363s (0.190s/item)	Comm.:96.555MB [128.000]
Train Epoch: 1 [37120/59904 (62%)]	Loss: 0.130260	Time: 24.807s (0.194s/item)	Comm.:96.555MB [128.000]
Train Epoch: 1 [38400/59904 (64%)]	Loss: 0.099690	Time: 24.584s (0.192s/item)	Comm.:96.555MB [128.000]
Train Epoch: 1 [39680/59904 (66%)]	Loss: 0.122450	Time: 24.983s (0.195s/item)	Comm.:96.555MB [128.000]
Train Epoch: 1 [40960/59904 (68%)]	Loss: 0.117970	Time: 25.200s (0.197s/item)	Comm.:96.555MB [128.000]
Train Epoch: 1 [42240/59904 (71%)]	Loss: 0.153790	Time: 25.956s (0.203s/item)	Comm.:96.555MB [128.000]
Train Epoch: 1 [43520/59904 (73%)]	Loss: 0.086450	Time: 27.610s (0.216s/item)	Comm.:96.555MB [128.000]
Train Epoch: 1 [44800/59904 (75%)]	Loss: 0.142590	Time: 25.955s (0.203s/item)	Comm.:96.555MB [128.000]
Train Epoch: 1 [46080/59904 (77%)]	Loss: 0.124320	Time: 26.332s (0.206s/item)	Comm.:96.555MB [128.000]
Train Epoch: 1 [47360/59904 (79%)]	Loss: 0.149450	Time: 26.270s (0.205s/item)	Comm.:96.555MB [128.000]
Train Epoch: 1 [48640/59904 (81%)]	Loss: 0.086100	Time: 26.672s (0.208s/item)	Comm.:96.555MB [128.000]
Train Epoch: 1 [49920/59904 (83%)]	Loss: 0.109780	Time: 27.914s (0.218s/item)	Comm.:96.555MB [128.000]
Train Epoch: 1 [51200/59904 (85%)]	Loss: 0.138950	Time: 27.089s (0.212s/item)	Comm.:96.555MB [128.000]
Train Epoch: 1 [52480/59904 (88%)]	Loss: 0.059680	Time: 27.069s (0.211s/item)	Comm.:96.555MB [128.000]
Train Epoch: 1 [53760/59904 (90%)]	Loss: 0.090040	Time: 32.242s (0.252s/item)	Comm.:96.555MB [128.000]
Train Epoch: 1 [55040/59904 (92%)]	Loss: 0.077300	Time: 27.683s (0.216s/item)	Comm.:96.555MB [128.000]
Train Epoch: 1 [56320/59904 (94%)]	Loss: 0.078500	Time: 27.670s (0.216s/item)	Comm.:96.555MB [128.000]
Train Epoch: 1 [57600/59904 (96%)]	Loss: 0.130190	Time: 27.964s (0.218s/item)	Comm.:96.555MB [128.000]
Train Epoch: 1 [58880/59904 (98%)]	Loss: 0.035980	Time: 28.407s (0.222s/item)	Comm.:96.555MB [128.000]

Accuracy: 31/32 (97%) 	Time / item: 0.2964s
Accuracy: 278/288 (97%) 	Time / item: 0.2922s
Accuracy: 516/544 (95%) 	Time / item: 0.2895s
Accuracy: 756/800 (94%) 	Time / item: 0.3003s
Accuracy: 998/1056 (95%) 	Time / item: 0.2981s
Accuracy: 1233/1312 (94%) 	Time / item: 0.2958s
Accuracy: 1471/1568 (94%) 	Time / item: 0.2959s
Accuracy: 1707/1824 (94%) 	Time / item: 0.2945s
Accuracy: 1944/2080 (93%) 	Time / item: 0.2933s
Accuracy: 2183/2336 (93%) 	Time / item: 0.2937s
Accuracy: 2427/2592 (94%) 	Time / item: 0.2931s
Accuracy: 2673/2848 (94%) 	Time / item: 0.2926s
Accuracy: 2915/3104 (94%) 	Time / item: 0.2919s
Accuracy: 3154/3360 (94%) 	Time / item: 0.2915s
Accuracy: 3397/3616 (94%) 	Time / item: 0.2931s
Accuracy: 3628/3872 (94%) 	Time / item: 0.2995s
Accuracy: 3862/4128 (94%) 	Time / item: 0.3051s
Accuracy: 4096/4384 (93%) 	Time / item: 0.3062s
Accuracy: 4337/4640 (93%) 	Time / item: 0.3056s
Accuracy: 4577/4896 (93%) 	Time / item: 0.3050s
Accuracy: 4822/5152 (94%) 	Time / item: 0.3045s
Accuracy: 5074/5408 (94%) 	Time / item: 0.3040s
Accuracy: 5323/5664 (94%) 	Time / item: 0.3035s
Accuracy: 5572/5920 (94%) 	Time / item: 0.3033s
Accuracy: 5808/6176 (94%) 	Time / item: 0.3028s
Accuracy: 6063/6432 (94%) 	Time / item: 0.3024s
Accuracy: 6308/6688 (94%) 	Time / item: 0.3019s
Accuracy: 6556/6944 (94%) 	Time / item: 0.3016s
Accuracy: 6811/7200 (95%) 	Time / item: 0.3012s
Accuracy: 7060/7456 (95%) 	Time / item: 0.3007s
Accuracy: 7312/7712 (95%) 	Time / item: 0.3002s
Accuracy: 7560/7968 (95%) 	Time / item: 0.2998s
Accuracy: 7808/8224 (95%) 	Time / item: 0.2994s
Accuracy: 8055/8480 (95%) 	Time / item: 0.2990s
Accuracy: 8307/8736 (95%) 	Time / item: 0.2990s
Accuracy: 8562/8992 (95%) 	Time / item: 0.2987s
Accuracy: 8811/9248 (95%) 	Time / item: 0.2985s
Accuracy: 9065/9504 (95%) 	Time / item: 0.2983s
Accuracy: 9301/9760 (95%) 	Time / item: 0.2980s
TEST Accuracy: 9504.0/9984 (95.19%) 	Time /item: 0.2977s 	Time w. argmax /item: 0.3066s [32.000]

Train Epoch: 2 [0/59904 (0%)]	Loss: 0.080500	Time: 28.630s (0.224s/item)	Comm.:96.554MB [128.000]
Train Epoch: 2 [1280/59904 (2%)]	Loss: 0.154870	Time: 28.978s (0.226s/item)	Comm.:96.555MB [128.000]
Train Epoch: 2 [2560/59904 (4%)]	Loss: 0.078610	Time: 28.826s (0.225s/item)	Comm.:96.555MB [128.000]
Train Epoch: 2 [3840/59904 (6%)]	Loss: 0.045190	Time: 28.826s (0.225s/item)	Comm.:96.555MB [128.000]
Train Epoch: 2 [5120/59904 (9%)]	Loss: 0.101270	Time: 29.332s (0.229s/item)	Comm.:96.555MB [128.000]
Train Epoch: 2 [6400/59904 (11%)]	Loss: 0.089830	Time: 29.219s (0.228s/item)	Comm.:96.555MB [128.000]
Train Epoch: 2 [7680/59904 (13%)]	Loss: 0.095730	Time: 29.212s (0.228s/item)	Comm.:96.555MB [128.000]
Train Epoch: 2 [8960/59904 (15%)]	Loss: 0.062600	Time: 29.150s (0.228s/item)	Comm.:96.555MB [128.000]
Train Epoch: 2 [10240/59904 (17%)]	Loss: 0.126300	Time: 29.207s (0.228s/item)	Comm.:96.555MB [128.000]
Train Epoch: 2 [11520/59904 (19%)]	Loss: 0.152550	Time: 29.378s (0.230s/item)	Comm.:96.555MB [128.000]
Train Epoch: 2 [12800/59904 (21%)]	Loss: 0.099990	Time: 29.336s (0.229s/item)	Comm.:96.555MB [128.000]
Train Epoch: 2 [14080/59904 (24%)]	Loss: 0.103410	Time: 30.758s (0.240s/item)	Comm.:96.555MB [128.000]
Train Epoch: 2 [15360/59904 (26%)]	Loss: 0.095390	Time: 29.623s (0.231s/item)	Comm.:96.555MB [128.000]
Train Epoch: 2 [16640/59904 (28%)]	Loss: 0.104810	Time: 32.726s (0.256s/item)	Comm.:96.555MB [128.000]
Train Epoch: 2 [17920/59904 (30%)]	Loss: 0.073690	Time: 33.213s (0.259s/item)	Comm.:96.555MB [128.000]
Train Epoch: 2 [19200/59904 (32%)]	Loss: 0.067840	Time: 44.291s (0.346s/item)	Comm.:96.555MB [128.000]
Train Epoch: 2 [20480/59904 (34%)]	Loss: 0.080360	Time: 41.924s (0.328s/item)	Comm.:96.555MB [128.000]
Train Epoch: 2 [21760/59904 (36%)]	Loss: 0.030210	Time: 44.535s (0.348s/item)	Comm.:96.555MB [128.000]
Train Epoch: 2 [23040/59904 (38%)]	Loss: 0.081820	Time: 43.956s (0.343s/item)	Comm.:96.555MB [128.000]
Train Epoch: 2 [24320/59904 (41%)]	Loss: 0.050560	Time: 40.333s (0.315s/item)	Comm.:96.554MB [128.000]
Train Epoch: 2 [25600/59904 (43%)]	Loss: 0.078170	Time: 40.235s (0.314s/item)	Comm.:96.555MB [128.000]
Train Epoch: 2 [26880/59904 (45%)]	Loss: 0.056980	Time: 40.303s (0.315s/item)	Comm.:96.555MB [128.000]
Train Epoch: 2 [28160/59904 (47%)]	Loss: 0.073580	Time: 40.508s (0.316s/item)	Comm.:96.555MB [128.000]
Train Epoch: 2 [29440/59904 (49%)]	Loss: 0.047490	Time: 40.446s (0.316s/item)	Comm.:96.555MB [128.000]
Train Epoch: 2 [30720/59904 (51%)]	Loss: 0.081270	Time: 40.347s (0.315s/item)	Comm.:96.555MB [128.000]
Train Epoch: 2 [32000/59904 (53%)]	Loss: 0.099240	Time: 40.511s (0.316s/item)	Comm.:96.555MB [128.000]
Train Epoch: 2 [33280/59904 (56%)]	Loss: 0.085310	Time: 40.480s (0.316s/item)	Comm.:96.555MB [128.000]
Train Epoch: 2 [34560/59904 (58%)]	Loss: 0.087550	Time: 40.862s (0.319s/item)	Comm.:96.555MB [128.000]
Train Epoch: 2 [35840/59904 (60%)]	Loss: 0.080590	Time: 40.112s (0.313s/item)	Comm.:96.555MB [128.000]
Train Epoch: 2 [37120/59904 (62%)]	Loss: 0.078560	Time: 40.600s (0.317s/item)	Comm.:96.555MB [128.000]
Train Epoch: 2 [38400/59904 (64%)]	Loss: 0.056550	Time: 39.733s (0.310s/item)	Comm.:96.554MB [128.000]
Train Epoch: 2 [39680/59904 (66%)]	Loss: 0.067730	Time: 37.498s (0.293s/item)	Comm.:96.555MB [128.000]
Train Epoch: 2 [40960/59904 (68%)]	Loss: 0.086920	Time: 36.660s (0.286s/item)	Comm.:96.554MB [128.000]
Train Epoch: 2 [42240/59904 (71%)]	Loss: 0.085560	Time: 41.070s (0.321s/item)	Comm.:96.555MB [128.000]
Train Epoch: 2 [43520/59904 (73%)]	Loss: 0.066410	Time: 40.616s (0.317s/item)	Comm.:96.555MB [128.000]
Train Epoch: 2 [44800/59904 (75%)]	Loss: 0.098880	Time: 40.278s (0.315s/item)	Comm.:96.555MB [128.000]
Train Epoch: 2 [46080/59904 (77%)]	Loss: 0.091890	Time: 38.934s (0.304s/item)	Comm.:96.555MB [128.000]
Train Epoch: 2 [47360/59904 (79%)]	Loss: 0.109070	Time: 40.674s (0.318s/item)	Comm.:96.555MB [128.000]
Train Epoch: 2 [48640/59904 (81%)]	Loss: 0.054180	Time: 40.210s (0.314s/item)	Comm.:96.555MB [128.000]
Train Epoch: 2 [49920/59904 (83%)]	Loss: 0.070340	Time: 39.819s (0.311s/item)	Comm.:96.555MB [128.000]
Train Epoch: 2 [51200/59904 (85%)]	Loss: 0.100670	Time: 39.602s (0.309s/item)	Comm.:96.555MB [128.000]
Train Epoch: 2 [52480/59904 (88%)]	Loss: 0.036870	Time: 39.570s (0.309s/item)	Comm.:96.555MB [128.000]
Train Epoch: 2 [53760/59904 (90%)]	Loss: 0.070410	Time: 39.352s (0.307s/item)	Comm.:96.555MB [128.000]
Train Epoch: 2 [55040/59904 (92%)]	Loss: 0.052120	Time: 39.887s (0.312s/item)	Comm.:96.554MB [128.000]
Train Epoch: 2 [56320/59904 (94%)]	Loss: 0.052620	Time: 39.664s (0.310s/item)	Comm.:96.555MB [128.000]
Train Epoch: 2 [57600/59904 (96%)]	Loss: 0.094870	Time: 40.044s (0.313s/item)	Comm.:96.555MB [128.000]
Train Epoch: 2 [58880/59904 (98%)]	Loss: 0.024620	Time: 39.458s (0.308s/item)	Comm.:96.555MB [128.000]

Accuracy: 31/32 (97%) 	Time / item: 0.3999s
Accuracy: 282/288 (98%) 	Time / item: 0.4004s
Accuracy: 525/544 (97%) 	Time / item: 0.4004s
Accuracy: 770/800 (96%) 	Time / item: 0.4004s
Accuracy: 1014/1056 (96%) 	Time / item: 0.4006s
Accuracy: 1254/1312 (96%) 	Time / item: 0.4006s
Accuracy: 1496/1568 (95%) 	Time / item: 0.4003s
Accuracy: 1743/1824 (96%) 	Time / item: 0.3999s
Accuracy: 1984/2080 (95%) 	Time / item: 0.4000s
Accuracy: 2225/2336 (95%) 	Time / item: 0.4000s
Accuracy: 2471/2592 (95%) 	Time / item: 0.4000s
Accuracy: 2718/2848 (95%) 	Time / item: 0.4001s
Accuracy: 2960/3104 (95%) 	Time / item: 0.3999s
Accuracy: 3208/3360 (95%) 	Time / item: 0.3999s
Accuracy: 3453/3616 (95%) 	Time / item: 0.3999s
Accuracy: 3697/3872 (95%) 	Time / item: 0.3999s
Accuracy: 3937/4128 (95%) 	Time / item: 0.3999s
Accuracy: 4178/4384 (95%) 	Time / item: 0.4000s
Accuracy: 4420/4640 (95%) 	Time / item: 0.4000s
Accuracy: 4661/4896 (95%) 	Time / item: 0.4001s
Accuracy: 4910/5152 (95%) 	Time / item: 0.4003s
Accuracy: 5163/5408 (95%) 	Time / item: 0.4004s
Accuracy: 5412/5664 (96%) 	Time / item: 0.4004s
Accuracy: 5662/5920 (96%) 	Time / item: 0.4003s
Accuracy: 5903/6176 (96%) 	Time / item: 0.4004s
Accuracy: 6156/6432 (96%) 	Time / item: 0.4004s
Accuracy: 6404/6688 (96%) 	Time / item: 0.4004s
Accuracy: 6656/6944 (96%) 	Time / item: 0.4004s
Accuracy: 6912/7200 (96%) 	Time / item: 0.4004s
Accuracy: 7163/7456 (96%) 	Time / item: 0.4003s
Accuracy: 7418/7712 (96%) 	Time / item: 0.4003s
Accuracy: 7668/7968 (96%) 	Time / item: 0.4004s
Accuracy: 7920/8224 (96%) 	Time / item: 0.4005s
Accuracy: 8168/8480 (96%) 	Time / item: 0.4005s
Accuracy: 8421/8736 (96%) 	Time / item: 0.4004s
Accuracy: 8677/8992 (96%) 	Time / item: 0.4004s
Accuracy: 8928/9248 (97%) 	Time / item: 0.4004s
Accuracy: 9181/9504 (97%) 	Time / item: 0.4004s
Accuracy: 9422/9760 (97%) 	Time / item: 0.4004s
TEST Accuracy: 9629.0/9984 (96.44%) 	Time /item: 0.4005s 	Time w. argmax /item: 0.4097s [32.000]

Train Epoch: 3 [0/59904 (0%)]	Loss: 0.054960	Time: 39.341s (0.307s/item)	Comm.:96.554MB [128.000]
Train Epoch: 3 [1280/59904 (2%)]	Loss: 0.108980	Time: 40.230s (0.314s/item)	Comm.:96.555MB [128.000]
Train Epoch: 3 [2560/59904 (4%)]	Loss: 0.048040	Time: 39.441s (0.308s/item)	Comm.:96.555MB [128.000]
Train Epoch: 3 [3840/59904 (6%)]	Loss: 0.035420	Time: 39.708s (0.310s/item)	Comm.:96.555MB [128.000]
Train Epoch: 3 [5120/59904 (9%)]	Loss: 0.071230	Time: 38.941s (0.304s/item)	Comm.:96.555MB [128.000]
Train Epoch: 3 [6400/59904 (11%)]	Loss: 0.065730	Time: 38.668s (0.302s/item)	Comm.:96.555MB [128.000]
Train Epoch: 3 [7680/59904 (13%)]	Loss: 0.063600	Time: 39.217s (0.306s/item)	Comm.:96.555MB [128.000]
Train Epoch: 3 [8960/59904 (15%)]	Loss: 0.049430	Time: 38.579s (0.301s/item)	Comm.:96.555MB [128.000]
Train Epoch: 3 [10240/59904 (17%)]	Loss: 0.096280	Time: 38.715s (0.302s/item)	Comm.:96.555MB [128.000]
Train Epoch: 3 [11520/59904 (19%)]	Loss: 0.115560	Time: 41.820s (0.327s/item)	Comm.:96.555MB [128.000]
Train Epoch: 3 [12800/59904 (21%)]	Loss: 0.077850	Time: 44.152s (0.345s/item)	Comm.:96.555MB [128.000]
Train Epoch: 3 [14080/59904 (24%)]	Loss: 0.068870	Time: 41.888s (0.327s/item)	Comm.:96.555MB [128.000]
Train Epoch: 3 [15360/59904 (26%)]	Loss: 0.081470	Time: 42.811s (0.334s/item)	Comm.:96.555MB [128.000]
Train Epoch: 3 [16640/59904 (28%)]	Loss: 0.073610	Time: 42.603s (0.333s/item)	Comm.:96.555MB [128.000]
Train Epoch: 3 [17920/59904 (30%)]	Loss: 0.052340	Time: 41.721s (0.326s/item)	Comm.:96.555MB [128.000]
Train Epoch: 3 [19200/59904 (32%)]	Loss: 0.052880	Time: 41.197s (0.322s/item)	Comm.:96.555MB [128.000]
Train Epoch: 3 [20480/59904 (34%)]	Loss: 0.059380	Time: 40.393s (0.316s/item)	Comm.:96.555MB [128.000]
Train Epoch: 3 [21760/59904 (36%)]	Loss: 0.020090	Time: 43.353s (0.339s/item)	Comm.:96.555MB [128.000]
Train Epoch: 3 [23040/59904 (38%)]	Loss: 0.055780	Time: 42.419s (0.331s/item)	Comm.:96.555MB [128.000]
Train Epoch: 3 [24320/59904 (41%)]	Loss: 0.040350	Time: 42.342s (0.331s/item)	Comm.:96.555MB [128.000]
Train Epoch: 3 [25600/59904 (43%)]	Loss: 0.065920	Time: 39.739s (0.310s/item)	Comm.:96.555MB [128.000]
Train Epoch: 3 [26880/59904 (45%)]	Loss: 0.046480	Time: 39.921s (0.312s/item)	Comm.:96.555MB [128.000]
Train Epoch: 3 [28160/59904 (47%)]	Loss: 0.055270	Time: 39.478s (0.308s/item)	Comm.:96.555MB [128.000]
Train Epoch: 3 [29440/59904 (49%)]	Loss: 0.036190	Time: 39.045s (0.305s/item)	Comm.:96.555MB [128.000]
Train Epoch: 3 [30720/59904 (51%)]	Loss: 0.063080	Time: 38.684s (0.302s/item)	Comm.:96.555MB [128.000]
Train Epoch: 3 [32000/59904 (53%)]	Loss: 0.070940	Time: 39.212s (0.306s/item)	Comm.:96.555MB [128.000]
Train Epoch: 3 [33280/59904 (56%)]	Loss: 0.069380	Time: 38.601s (0.302s/item)	Comm.:96.555MB [128.000]
Train Epoch: 3 [34560/59904 (58%)]	Loss: 0.066640	Time: 38.773s (0.303s/item)	Comm.:96.555MB [128.000]
Train Epoch: 3 [35840/59904 (60%)]	Loss: 0.062940	Time: 37.807s (0.295s/item)	Comm.:96.555MB [128.000]
Train Epoch: 3 [37120/59904 (62%)]	Loss: 0.061880	Time: 39.047s (0.305s/item)	Comm.:96.555MB [128.000]
Train Epoch: 3 [38400/59904 (64%)]	Loss: 0.044300	Time: 45.900s (0.359s/item)	Comm.:96.555MB [128.000]
Train Epoch: 3 [39680/59904 (66%)]	Loss: 0.056480	Time: 44.563s (0.348s/item)	Comm.:96.555MB [128.000]
Train Epoch: 3 [40960/59904 (68%)]	Loss: 0.071230	Time: 44.194s (0.345s/item)	Comm.:96.555MB [128.000]
Train Epoch: 3 [42240/59904 (71%)]	Loss: 0.060090	Time: 43.832s (0.342s/item)	Comm.:96.555MB [128.000]
Train Epoch: 3 [43520/59904 (73%)]	Loss: 0.057970	Time: 43.455s (0.339s/item)	Comm.:96.555MB [128.000]
Train Epoch: 3 [44800/59904 (75%)]	Loss: 0.077460	Time: 43.049s (0.336s/item)	Comm.:96.555MB [128.000]
Train Epoch: 3 [46080/59904 (77%)]	Loss: 0.065880	Time: 45.268s (0.354s/item)	Comm.:96.555MB [128.000]
Train Epoch: 3 [47360/59904 (79%)]	Loss: 0.090510	Time: 43.327s (0.338s/item)	Comm.:96.555MB [128.000]
Train Epoch: 3 [48640/59904 (81%)]	Loss: 0.041080	Time: 42.445s (0.332s/item)	Comm.:96.555MB [128.000]
Train Epoch: 3 [49920/59904 (83%)]	Loss: 0.061740	Time: 42.552s (0.332s/item)	Comm.:96.555MB [128.000]
Train Epoch: 3 [51200/59904 (85%)]	Loss: 0.082780	Time: 42.436s (0.332s/item)	Comm.:96.555MB [128.000]
Train Epoch: 3 [52480/59904 (88%)]	Loss: 0.029090	Time: 42.605s (0.333s/item)	Comm.:96.555MB [128.000]
Train Epoch: 3 [53760/59904 (90%)]	Loss: 0.059720	Time: 45.475s (0.355s/item)	Comm.:96.555MB [128.000]
Train Epoch: 3 [55040/59904 (92%)]	Loss: 0.036790	Time: 44.816s (0.350s/item)	Comm.:96.555MB [128.000]
Train Epoch: 3 [56320/59904 (94%)]	Loss: 0.041930	Time: 42.618s (0.333s/item)	Comm.:96.555MB [128.000]
Train Epoch: 3 [57600/59904 (96%)]	Loss: 0.085490	Time: 42.705s (0.334s/item)	Comm.:96.555MB [128.000]
Train Epoch: 3 [58880/59904 (98%)]	Loss: 0.024660	Time: 42.210s (0.330s/item)	Comm.:96.555MB [128.000]

Accuracy: 31/32 (97%) 	Time / item: 0.4135s
Accuracy: 283/288 (98%) 	Time / item: 0.4120s
Accuracy: 528/544 (97%) 	Time / item: 0.4123s
Accuracy: 773/800 (97%) 	Time / item: 0.4128s
Accuracy: 1016/1056 (96%) 	Time / item: 0.4128s
Accuracy: 1257/1312 (96%) 	Time / item: 0.4122s
Accuracy: 1501/1568 (96%) 	Time / item: 0.4222s
Accuracy: 1750/1824 (96%) 	Time / item: 0.4245s
Accuracy: 1993/2080 (96%) 	Time / item: 0.4280s
Accuracy: 2236/2336 (96%) 	Time / item: 0.4324s
Accuracy: 2483/2592 (96%) 	Time / item: 0.4326s
Accuracy: 2732/2848 (96%) 	Time / item: 0.4327s
Accuracy: 2976/3104 (96%) 	Time / item: 0.4327s
Accuracy: 3224/3360 (96%) 	Time / item: 0.4353s
Accuracy: 3468/3616 (96%) 	Time / item: 0.4367s
Accuracy: 3715/3872 (96%) 	Time / item: 0.4371s
Accuracy: 3958/4128 (96%) 	Time / item: 0.4386s
Accuracy: 4201/4384 (96%) 	Time / item: 0.4398s
Accuracy: 4446/4640 (96%) 	Time / item: 0.4409s
Accuracy: 4688/4896 (96%) 	Time / item: 0.4417s
Accuracy: 4936/5152 (96%) 	Time / item: 0.4424s
Accuracy: 5189/5408 (96%) 	Time / item: 0.4432s
Accuracy: 5440/5664 (96%) 	Time / item: 0.4438s
Accuracy: 5690/5920 (96%) 	Time / item: 0.4446s
Accuracy: 5934/6176 (96%) 	Time / item: 0.4451s
Accuracy: 6188/6432 (96%) 	Time / item: 0.4455s
Accuracy: 6438/6688 (96%) 	Time / item: 0.4461s
Accuracy: 6692/6944 (96%) 	Time / item: 0.4464s
Accuracy: 6948/7200 (97%) 	Time / item: 0.4465s
Accuracy: 7200/7456 (97%) 	Time / item: 0.4466s
Accuracy: 7456/7712 (97%) 	Time / item: 0.4465s
Accuracy: 7710/7968 (97%) 	Time / item: 0.4469s
Accuracy: 7963/8224 (97%) 	Time / item: 0.4469s
Accuracy: 8213/8480 (97%) 	Time / item: 0.4469s
Accuracy: 8467/8736 (97%) 	Time / item: 0.4469s
Accuracy: 8723/8992 (97%) 	Time / item: 0.4475s
Accuracy: 8974/9248 (97%) 	Time / item: 0.4480s
Accuracy: 9229/9504 (97%) 	Time / item: 0.4484s
Accuracy: 9473/9760 (97%) 	Time / item: 0.4487s
TEST Accuracy: 9684.0/9984 (97.00%) 	Time /item: 0.4491s 	Time w. argmax /item: 0.4585s [32.000]

Train Epoch: 4 [0/59904 (0%)]	Loss: 0.044980	Time: 44.210s (0.345s/item)	Comm.:96.554MB [128.000]
Train Epoch: 4 [1280/59904 (2%)]	Loss: 0.090520	Time: 44.304s (0.346s/item)	Comm.:96.555MB [128.000]
Train Epoch: 4 [2560/59904 (4%)]	Loss: 0.036630	Time: 44.561s (0.348s/item)	Comm.:96.555MB [128.000]
Train Epoch: 4 [3840/59904 (6%)]	Loss: 0.030330	Time: 43.328s (0.338s/item)	Comm.:96.555MB [128.000]
Train Epoch: 4 [5120/59904 (9%)]	Loss: 0.061100	Time: 42.744s (0.334s/item)	Comm.:96.555MB [128.000]
Train Epoch: 4 [6400/59904 (11%)]	Loss: 0.051500	Time: 42.234s (0.330s/item)	Comm.:96.555MB [128.000]
Train Epoch: 4 [7680/59904 (13%)]	Loss: 0.046610	Time: 43.803s (0.342s/item)	Comm.:96.555MB [128.000]
Train Epoch: 4 [8960/59904 (15%)]	Loss: 0.041430	Time: 43.055s (0.336s/item)	Comm.:96.555MB [128.000]
Train Epoch: 4 [10240/59904 (17%)]	Loss: 0.075680	Time: 47.934s (0.374s/item)	Comm.:96.555MB [128.000]
Train Epoch: 4 [11520/59904 (19%)]	Loss: 0.093890	Time: 46.515s (0.363s/item)	Comm.:96.555MB [128.000]
Train Epoch: 4 [12800/59904 (21%)]	Loss: 0.065480	Time: 47.034s (0.367s/item)	Comm.:96.555MB [128.000]
Train Epoch: 4 [14080/59904 (24%)]	Loss: 0.053520	Time: 42.182s (0.330s/item)	Comm.:96.555MB [128.000]
Train Epoch: 4 [15360/59904 (26%)]	Loss: 0.068720	Time: 42.078s (0.329s/item)	Comm.:96.555MB [128.000]
Train Epoch: 4 [16640/59904 (28%)]	Loss: 0.058380	Time: 42.203s (0.330s/item)	Comm.:96.555MB [128.000]
Train Epoch: 4 [17920/59904 (30%)]	Loss: 0.044770	Time: 44.306s (0.346s/item)	Comm.:96.555MB [128.000]
Train Epoch: 4 [19200/59904 (32%)]	Loss: 0.045090	Time: 47.393s (0.370s/item)	Comm.:96.555MB [128.000]
Train Epoch: 4 [20480/59904 (34%)]	Loss: 0.045980	Time: 47.185s (0.369s/item)	Comm.:96.555MB [128.000]
Train Epoch: 4 [21760/59904 (36%)]	Loss: 0.016540	Time: 45.684s (0.357s/item)	Comm.:96.555MB [128.000]
Train Epoch: 4 [23040/59904 (38%)]	Loss: 0.047670	Time: 45.264s (0.354s/item)	Comm.:96.555MB [128.000]
Train Epoch: 4 [24320/59904 (41%)]	Loss: 0.033610	Time: 44.572s (0.348s/item)	Comm.:96.555MB [128.000]
Train Epoch: 4 [25600/59904 (43%)]	Loss: 0.056100	Time: 44.999s (0.352s/item)	Comm.:96.555MB [128.000]
Train Epoch: 4 [26880/59904 (45%)]	Loss: 0.039680	Time: 44.448s (0.347s/item)	Comm.:96.555MB [128.000]
Train Epoch: 4 [28160/59904 (47%)]	Loss: 0.044830	Time: 43.439s (0.339s/item)	Comm.:96.555MB [128.000]
Train Epoch: 4 [29440/59904 (49%)]	Loss: 0.030790	Time: 43.771s (0.342s/item)	Comm.:96.555MB [128.000]
Train Epoch: 4 [30720/59904 (51%)]	Loss: 0.051470	Time: 44.123s (0.345s/item)	Comm.:96.555MB [128.000]
Train Epoch: 4 [32000/59904 (53%)]	Loss: 0.055880	Time: 43.111s (0.337s/item)	Comm.:96.555MB [128.000]
Train Epoch: 4 [33280/59904 (56%)]	Loss: 0.058150	Time: 43.226s (0.338s/item)	Comm.:96.555MB [128.000]
Train Epoch: 4 [34560/59904 (58%)]	Loss: 0.057360	Time: 43.083s (0.337s/item)	Comm.:96.555MB [128.000]
Train Epoch: 4 [35840/59904 (60%)]	Loss: 0.050160	Time: 42.797s (0.334s/item)	Comm.:96.555MB [128.000]
Train Epoch: 4 [37120/59904 (62%)]	Loss: 0.049580	Time: 42.795s (0.334s/item)	Comm.:96.555MB [128.000]
Train Epoch: 4 [38400/59904 (64%)]	Loss: 0.038110	Time: 42.893s (0.335s/item)	Comm.:96.555MB [128.000]
Train Epoch: 4 [39680/59904 (66%)]	Loss: 0.050320	Time: 43.147s (0.337s/item)	Comm.:96.555MB [128.000]
Train Epoch: 4 [40960/59904 (68%)]	Loss: 0.061020	Time: 42.361s (0.331s/item)	Comm.:96.555MB [128.000]
Train Epoch: 4 [42240/59904 (71%)]	Loss: 0.050410	Time: 42.515s (0.332s/item)	Comm.:96.555MB [128.000]
Train Epoch: 4 [43520/59904 (73%)]	Loss: 0.051840	Time: 42.624s (0.333s/item)	Comm.:96.555MB [128.000]
Train Epoch: 4 [44800/59904 (75%)]	Loss: 0.064090	Time: 41.925s (0.328s/item)	Comm.:96.555MB [128.000]
Train Epoch: 4 [46080/59904 (77%)]	Loss: 0.054750	Time: 41.916s (0.327s/item)	Comm.:96.555MB [128.000]
Train Epoch: 4 [47360/59904 (79%)]	Loss: 0.076070	Time: 41.435s (0.324s/item)	Comm.:96.555MB [128.000]
Train Epoch: 4 [48640/59904 (81%)]	Loss: 0.049510	Time: 41.499s (0.324s/item)	Comm.:96.555MB [128.000]
Train Epoch: 4 [49920/59904 (83%)]	Loss: 0.051130	Time: 41.622s (0.325s/item)	Comm.:96.555MB [128.000]
Train Epoch: 4 [51200/59904 (85%)]	Loss: 0.072150	Time: 41.022s (0.320s/item)	Comm.:96.555MB [128.000]
Train Epoch: 4 [52480/59904 (88%)]	Loss: 0.023570	Time: 40.924s (0.320s/item)	Comm.:96.555MB [128.000]
Train Epoch: 4 [53760/59904 (90%)]	Loss: 0.053240	Time: 40.170s (0.314s/item)	Comm.:96.555MB [128.000]
Train Epoch: 4 [55040/59904 (92%)]	Loss: 0.030390	Time: 41.446s (0.324s/item)	Comm.:96.555MB [128.000]
Train Epoch: 4 [56320/59904 (94%)]	Loss: 0.038630	Time: 41.063s (0.321s/item)	Comm.:96.555MB [128.000]
Train Epoch: 4 [57600/59904 (96%)]	Loss: 0.068500	Time: 41.608s (0.325s/item)	Comm.:96.555MB [128.000]
Train Epoch: 4 [58880/59904 (98%)]	Loss: 0.016050	Time: 40.506s (0.316s/item)	Comm.:96.555MB [128.000]

Accuracy: 31/32 (97%) 	Time / item: 0.4033s
Accuracy: 284/288 (99%) 	Time / item: 0.4197s
Accuracy: 531/544 (98%) 	Time / item: 0.4172s
Accuracy: 777/800 (97%) 	Time / item: 0.4151s
Accuracy: 1022/1056 (97%) 	Time / item: 0.4139s
Accuracy: 1264/1312 (96%) 	Time / item: 0.4135s
Accuracy: 1510/1568 (96%) 	Time / item: 0.4126s
Accuracy: 1759/1824 (96%) 	Time / item: 0.4122s
Accuracy: 2002/2080 (96%) 	Time / item: 0.4118s
Accuracy: 2246/2336 (96%) 	Time / item: 0.4117s
Accuracy: 2493/2592 (96%) 	Time / item: 0.4117s
Accuracy: 2742/2848 (96%) 	Time / item: 0.4117s
Accuracy: 2986/3104 (96%) 	Time / item: 0.4117s
Accuracy: 3238/3360 (96%) 	Time / item: 0.4118s
Accuracy: 3483/3616 (96%) 	Time / item: 0.4121s
Accuracy: 3730/3872 (96%) 	Time / item: 0.4120s
Accuracy: 3978/4128 (96%) 	Time / item: 0.4121s
Accuracy: 4222/4384 (96%) 	Time / item: 0.4120s
Accuracy: 4467/4640 (96%) 	Time / item: 0.4120s
Accuracy: 4708/4896 (96%) 	Time / item: 0.4119s
Accuracy: 4957/5152 (96%) 	Time / item: 0.4118s
Accuracy: 5211/5408 (96%) 	Time / item: 0.4117s
Accuracy: 5462/5664 (96%) 	Time / item: 0.4115s
Accuracy: 5712/5920 (96%) 	Time / item: 0.4114s
Accuracy: 5956/6176 (96%) 	Time / item: 0.4113s
Accuracy: 6211/6432 (97%) 	Time / item: 0.4113s
Accuracy: 6460/6688 (97%) 	Time / item: 0.4114s
Accuracy: 6715/6944 (97%) 	Time / item: 0.4113s
Accuracy: 6971/7200 (97%) 	Time / item: 0.4112s
Accuracy: 7223/7456 (97%) 	Time / item: 0.4112s
Accuracy: 7479/7712 (97%) 	Time / item: 0.4110s
Accuracy: 7731/7968 (97%) 	Time / item: 0.4109s
Accuracy: 7984/8224 (97%) 	Time / item: 0.4109s
Accuracy: 8234/8480 (97%) 	Time / item: 0.4108s
Accuracy: 8489/8736 (97%) 	Time / item: 0.4108s
Accuracy: 8745/8992 (97%) 	Time / item: 0.4108s
Accuracy: 8997/9248 (97%) 	Time / item: 0.4108s
Accuracy: 9252/9504 (97%) 	Time / item: 0.4107s
Accuracy: 9497/9760 (97%) 	Time / item: 0.4107s
TEST Accuracy: 9710.0/9984 (97.26%) 	Time /item: 0.4107s 	Time w. argmax /item: 0.4202s [32.000]

Train Epoch: 5 [0/59904 (0%)]	Loss: 0.041340	Time: 40.283s (0.315s/item)	Comm.:96.554MB [128.000]
Train Epoch: 5 [1280/59904 (2%)]	Loss: 0.077960	Time: 41.194s (0.322s/item)	Comm.:96.555MB [128.000]
